2023.11.16 16:08:32 INFO  Started: Metals version 1.1.0 in folders '/Users/alissonrosa/Documents/MySoftEng/others' for client Visual Studio Code 1.80.1.
2023.11.16 16:08:33 WARN  Build server is not auto-connectable.
2023.11.16 16:08:33 WARN  no build tool detected in workspace '/Users/alissonrosa/Documents/MySoftEng/others'. The most common cause for this problem is that the editor was opened in the wrong working directory, for example if you use sbt then the workspace directory should contain build.sbt. 
2023.11.16 16:08:33 WARN  no build target for: /Users/alissonrosa/Documents/MySoftEng/others/Chap1-imperative_prog/src/my.worksheet.sc
2023.11.16 16:08:56 INFO  no build target found for /Users/alissonrosa/Documents/MySoftEng/others/Chap1-imperative_prog/src/my.worksheet.sc. Using presentation compiler with project's scala-library version: 3.3.1
2023.11.16 16:08:56 WARN  no build target for: /Users/alissonrosa/Documents/MySoftEng/others/Chap1-imperative_prog/src/my.worksheet.sc
2023.11.16 16:08:58 INFO  time: code lens generation in 24s
2023.11.16 16:09:01 INFO  time: evaluated worksheet 'my.worksheet.sc' in 27s
2023.11.16 16:09:03 INFO  time: evaluated worksheet 'my.worksheet.sc' in 1.97s
2023.11.16 16:18:34 INFO  Shutting down server
2023.11.16 16:18:34 INFO  shutting down Metals
2023.11.16 16:18:34 INFO  Exiting server
2023.11.16 16:18:53 INFO  Started: Metals version 1.1.0 in folders '/Users/alissonrosa/Documents/MySoftEng/others' for client Visual Studio Code 1.80.1.
2023.11.16 16:18:55 WARN  Build server is not auto-connectable.
2023.11.16 16:18:55 WARN  no build tool detected in workspace '/Users/alissonrosa/Documents/MySoftEng/others'. The most common cause for this problem is that the editor was opened in the wrong working directory, for example if you use sbt then the workspace directory should contain build.sbt. 
2023.11.16 16:18:55 WARN  no build target for: /Users/alissonrosa/Documents/MySoftEng/others/Chap1-imperative_prog/src/my.worksheet.sc
2023.11.16 16:19:08 INFO  no build target found for /Users/alissonrosa/Documents/MySoftEng/others/Chap1-imperative_prog/src/my.worksheet.sc. Using presentation compiler with project's scala-library version: 3.3.1
2023.11.16 16:19:10 INFO  time: evaluated worksheet 'my.worksheet.sc' in 15s
2023.11.16 16:19:10 INFO  time: code lens generation in 15s
2023.11.16 16:21:04 INFO  no build target found for /Users/alissonrosa/Documents/MySoftEng/others/Chap1-imperative_prog/src/my.worksheet.sc. Using presentation compiler with project's scala-library version: 3.3.1
Nov 16, 2023 4:21:04 PM org.eclipse.lsp4j.jsonrpc.RemoteEndpoint handleCancellation
WARNING: Unmatched cancel notification for request id 9
Nov 16, 2023 4:21:04 PM org.eclipse.lsp4j.jsonrpc.RemoteEndpoint handleCancellation
WARNING: Unmatched cancel notification for request id 12
2023.11.16 16:21:04 WARN  no build target for: /Users/alissonrosa/Documents/MySoftEng/others/Chap1-imperative_prog/src/my.worksheet.sc
2023.11.16 16:21:08 INFO  time: evaluated worksheet 'my.worksheet.sc' in 4.07s
Nov 16, 2023 4:24:04 PM org.eclipse.lsp4j.jsonrpc.RemoteEndpoint handleCancellation
WARNING: Unmatched cancel notification for request id 37
2023.11.16 16:24:07 INFO  time: code lens generation in 1.82s
2023.11.16 16:24:07 INFO  time: code lens generation in 3.66s
2023.11.16 16:24:07 INFO  time: code lens generation in 3.03s
2023.11.16 16:24:07 INFO  time: code lens generation in 4.25s
2023.11.16 16:24:33 WARN  no build target for: /Users/alissonrosa/Documents/MySoftEng/others/Chap1-imperative_prog/src/my.worksheet.sc
[33mwarning[39m: Chap1-imperative_prog/src/my.worksheet.sc:4:5: 
A pure expression does nothing in statement position; you may be omitting necessary parentheses
    "teste"}
    ^^^^^^^
2023.11.16 16:24:36 INFO  time: evaluated worksheet 'my.worksheet.sc' in 3.49s
2023.11.16 16:24:54 WARN  no build target for: /Users/alissonrosa/Documents/MySoftEng/others/Chap1-imperative_prog/src/my.worksheet.sc
[33mwarning[39m: Chap1-imperative_prog/src/my.worksheet.sc:4:5: 
A pure expression does nothing in statement position; you may be omitting necessary parentheses
    "teste"
    ^^^^^^^
2023.11.16 16:24:56 INFO  time: evaluated worksheet 'my.worksheet.sc' in 2.31s
2023.11.16 16:25:06 WARN  no build target for: /Users/alissonrosa/Documents/MySoftEng/others/Chap1-imperative_prog/src/my.worksheet.sc
[33mwarning[39m: Chap1-imperative_prog/src/my.worksheet.sc:4:5: 
A pure expression does nothing in statement position; you may be omitting necessary parentheses
    "teste"
    ^^^^^^^
2023.11.16 16:25:08 INFO  time: evaluated worksheet 'my.worksheet.sc' in 2.7s
2023.11.16 16:25:19 WARN  no build target for: /Users/alissonrosa/Documents/MySoftEng/others/Chap1-imperative_prog/src/my.worksheet.sc
[33mwarning[39m: Chap1-imperative_prog/src/my.worksheet.sc:4:5: 
A pure expression does nothing in statement position; you may be omitting necessary parentheses
    "teste"
    ^^^^^^^
2023.11.16 16:25:22 INFO  time: evaluated worksheet 'my.worksheet.sc' in 2.17s
2023.11.16 16:25:29 WARN  no build target for: /Users/alissonrosa/Documents/MySoftEng/others/Chap1-imperative_prog/src/my.worksheet.sc
2023.11.16 16:25:32 INFO  time: evaluated worksheet 'my.worksheet.sc' in 3.17s
2023.11.16 16:26:09 WARN  no build target for: /Users/alissonrosa/Documents/MySoftEng/others/Chap1-imperative_prog/src/my.worksheet.sc
2023.11.16 16:26:12 INFO  time: evaluated worksheet 'my.worksheet.sc' in 3.13s
2023.11.16 16:27:12 INFO  time: code lens generation in 1.34s
2023.11.16 16:27:14 WARN  no build target for: /Users/alissonrosa/Documents/MySoftEng/others/Chap1-imperative_prog/src/my.worksheet.sc
2023.11.16 16:27:17 INFO  time: evaluated worksheet 'my.worksheet.sc' in 2.96s
Nov 16, 2023 4:28:33 PM org.eclipse.lsp4j.jsonrpc.RemoteEndpoint handleCancellation
WARNING: Unmatched cancel notification for request id 610
Nov 16, 2023 4:28:33 PM org.eclipse.lsp4j.jsonrpc.RemoteEndpoint handleCancellation
WARNING: Unmatched cancel notification for request id 611
Nov 16, 2023 4:28:33 PM org.eclipse.lsp4j.jsonrpc.RemoteEndpoint handleCancellation
WARNING: Unmatched cancel notification for request id 612
2023.11.16 16:28:45 WARN  no build target for: /Users/alissonrosa/Documents/MySoftEng/others/Chap1-imperative_prog/src/my.worksheet.sc
[31merror[39m: Chap1-imperative_prog/src/my.worksheet.sc:12:41: 
value ** is not a member of Int
def exp(number:Int, power:Int):Double = number ** power
                                        ^^^^^^^^^
2023.11.16 16:28:48 INFO  time: evaluated worksheet 'my.worksheet.sc' in 3.48s
2023.11.16 16:28:52 WARN  no build target for: /Users/alissonrosa/Documents/MySoftEng/others/Chap1-imperative_prog/src/my.worksheet.sc
[31merror[39m: Chap1-imperative_prog/src/my.worksheet.sc:12:41: 
value ** is not a member of Int
def exp(number:Int, power:Int):Double = number ** power
                                        ^^^^^^^^^
2023.11.16 16:28:54 INFO  time: evaluated worksheet 'my.worksheet.sc' in 1.79s
2023.11.16 16:29:40 WARN  no build target for: /Users/alissonrosa/Documents/MySoftEng/others/Chap1-imperative_prog/src/my.worksheet.sc
[31merror[39m: Chap1-imperative_prog/src/my.worksheet.sc:12:63: 
expression expected but ')' found
def exp(number:Int, power:Int):Double = Math.pow(number  power)
                                                              ^
2023.11.16 16:29:41 INFO  time: evaluated worksheet 'my.worksheet.sc' in 1.26s
2023.11.16 16:30:02 WARN  no build target for: /Users/alissonrosa/Documents/MySoftEng/others/Chap1-imperative_prog/src/my.worksheet.sc
2023.11.16 16:30:05 INFO  time: evaluated worksheet 'my.worksheet.sc' in 2.44s
2023.11.16 16:30:12 WARN  no build target for: /Users/alissonrosa/Documents/MySoftEng/others/Chap1-imperative_prog/src/my.worksheet.sc
2023.11.16 16:30:15 INFO  time: evaluated worksheet 'my.worksheet.sc' in 2.84s
Nov 16, 2023 4:34:21 PM org.eclipse.lsp4j.jsonrpc.RemoteEndpoint handleCancellation
WARNING: Unmatched cancel notification for request id 847
2023.11.16 16:34:50 WARN  no build target for: /Users/alissonrosa/Documents/MySoftEng/others/Chap1-imperative_prog/src/my.worksheet.sc
2023.11.16 16:34:53 INFO  time: evaluated worksheet 'my.worksheet.sc' in 3.11s
2023.11.16 16:35:13 WARN  no build target for: /Users/alissonrosa/Documents/MySoftEng/others/Chap1-imperative_prog/src/my.worksheet.sc
2023.11.16 16:35:16 INFO  time: evaluated worksheet 'my.worksheet.sc' in 3.13s
2023.11.16 16:35:29 WARN  no build target for: /Users/alissonrosa/Documents/MySoftEng/others/Chap1-imperative_prog/src/my.worksheet.sc
2023.11.16 16:35:33 INFO  time: evaluated worksheet 'my.worksheet.sc' in 4.1s
2023.11.16 16:35:33 WARN  no build target for: /Users/alissonrosa/Documents/MySoftEng/others/Chap1-imperative_prog/src/my.worksheet.sc
2023.11.16 16:35:37 INFO  time: evaluated worksheet 'my.worksheet.sc' in 3.25s
2023.11.17 17:40:04 INFO  Shutting down server
2023.11.17 17:40:04 INFO  shutting down Metals
2023.11.17 17:40:04 INFO  Exiting server
2023.11.17 22:46:43 INFO  Started: Metals version 1.1.0 in folders '/Users/alissonrosa/Documents/MySoftEng/others' for client Visual Studio Code 1.80.1.
