2023.12.05 22:45:07 INFO  Started: Metals version 1.1.0 in folders '/Users/alissonrosa/Documents/MySoftEng' for client Visual Studio Code 1.80.1.
2023.12.05 22:45:09 WARN  Build server is not auto-connectable.
2023.12.05 22:45:09 WARN  no build tool detected in workspace '/Users/alissonrosa/Documents/MySoftEng'. The most common cause for this problem is that the editor was opened in the wrong working directory, for example if you use sbt then the workspace directory should contain build.sbt. 
2023.12.09 22:42:50 INFO  Started: Metals version 1.1.0 in folders '/home/alissonrp/Documents/MySoftEng' for client Visual Studio Code 1.85.0.
2023.12.09 22:42:54 WARN  Build server is not auto-connectable.
2023.12.09 22:42:54 WARN  no build tool detected in workspace '/home/alissonrp/Documents/MySoftEng'. The most common cause for this problem is that the editor was opened in the wrong working directory, for example if you use sbt then the workspace directory should contain build.sbt. 
2023.12.09 22:42:54 WARN  no build target for: /home/alissonrp/Documents/MySoftEng/others/paradigms/Chap1-imperative_prog/src/my.worksheet.sc
2023.12.09 22:42:58 INFO  no build target found for /home/alissonrp/Documents/MySoftEng/others/paradigms/Chap1-imperative_prog/src/my.worksheet.sc. Using presentation compiler with project's scala-library version: 3.3.1
2023.12.09 22:42:59 WARN  no build target for: /home/alissonrp/Documents/MySoftEng/others/paradigms/Chap1-imperative_prog/src/my.worksheet.sc
Dec 09, 2023 10:42:59 PM org.eclipse.lsp4j.jsonrpc.RemoteEndpoint handleCancellation
WARNING: Unmatched cancel notification for request id 6
Dec 09, 2023 10:42:59 PM org.eclipse.lsp4j.jsonrpc.RemoteEndpoint handleCancellation
WARNING: Unmatched cancel notification for request id 8
2023.12.09 22:43:00 INFO  time: evaluated worksheet 'my.worksheet.sc' in 5.56s
2023.12.09 22:43:00 INFO  time: evaluated worksheet 'my.worksheet.sc' in 0.88s
2023.12.09 22:43:01 INFO  time: code lens generation in 5.78s
2023.12.09 22:43:10 INFO  no build target found for /home/alissonrp/Documents/MySoftEng/others/paradigms/Chap1-imperative_prog/src/my.worksheet.sc. Using presentation compiler with project's scala-library version: 3.3.1
2023.12.09 22:43:11 WARN  no build target for: /home/alissonrp/Documents/MySoftEng/others/paradigms/Chap1-imperative_prog/src/my.worksheet.sc
2023.12.09 22:43:12 INFO  time: evaluated worksheet 'my.worksheet.sc' in 0.54s
2023.12.09 22:43:25 WARN  no build target for: /home/alissonrp/Documents/MySoftEng/others/paradigms/Chap1-imperative_prog/src/my.worksheet.sc
2023.12.09 22:43:26 INFO  time: evaluated worksheet 'my.worksheet.sc' in 0.49s
2023.12.09 22:43:30 WARN  no build target for: /home/alissonrp/Documents/MySoftEng/others/paradigms/Chap1-imperative_prog/src/my.worksheet.sc
2023.12.09 22:43:30 INFO  time: evaluated worksheet 'my.worksheet.sc' in 0.51s
2023.12.09 22:43:32 WARN  no build target for: /home/alissonrp/Documents/MySoftEng/others/paradigms/Chap1-imperative_prog/src/my.worksheet.sc
2023.12.09 22:43:32 INFO  time: evaluated worksheet 'my.worksheet.sc' in 0.41s
2023.12.09 22:44:08 WARN  no build target for: /home/alissonrp/Documents/MySoftEng/others/paradigms/Chap1-imperative_prog/src/my.worksheet.sc
2023.12.09 22:44:09 INFO  time: evaluated worksheet 'my.worksheet.sc' in 0.37s
2023.12.09 22:44:10 WARN  no build target for: /home/alissonrp/Documents/MySoftEng/others/paradigms/Chap1-imperative_prog/src/my.worksheet.sc
2023.12.09 22:44:10 INFO  time: evaluated worksheet 'my.worksheet.sc' in 0.52s
2023.12.09 22:44:11 WARN  no build target for: /home/alissonrp/Documents/MySoftEng/others/paradigms/Chap1-imperative_prog/src/my.worksheet.sc
2023.12.09 22:44:12 INFO  time: evaluated worksheet 'my.worksheet.sc' in 0.34s
